# JRE version: Java(TM) SE Runtime Environment (8.0_211-b12) (build 1.8.0_211-b12)
# Java VM: Java HotSpot(TM) 64-Bit Server VM (25.211-b12 mixed mode windows-amd64 compressed oops)
Heap:
 PSYoungGen      total 577536K, used 469725K [0x00000000d5580000, 0x0000000100000000, 0x0000000100000000)
  eden space 522752K, 89% used [0x00000000d5580000,0x00000000f20376d0,0x00000000f5400000)
  from space 54784K, 0% used [0x00000000f5400000,0x00000000f5400000,0x00000000f8980000)
  to   space 94208K, 0% used [0x00000000fa400000,0x00000000fa400000,0x0000000100000000)
 ParOldGen       total 284160K, used 167564K [0x0000000080000000, 0x0000000091580000, 0x00000000d5580000)
  object space 284160K, 58% used [0x0000000080000000,0x000000008a3a3260,0x0000000091580000)
 Metaspace       used 81838K, capacity 90950K, committed 91136K, reserved 1126400K
  class space    used 11473K, capacity 14038K, committed 14080K, reserved 1048576K
GC Heap History (10 events):
Event: 95.070 GC heap before
{Heap before GC invocations=17 (full 2):
 PSYoungGen      total 404480K, used 394216K [0x00000000d5580000, 0x00000000f0880000, 0x0000000100000000)
  eden space 381952K, 100% used [0x00000000d5580000,0x00000000eca80000,0x00000000eca80000)
  from space 22528K, 54% used [0x00000000ef280000,0x00000000efe7a050,0x00000000f0880000)
  to   space 31744K, 0% used [0x00000000eca80000,0x00000000eca80000,0x00000000ee980000)
 ParOldGen       total 101888K, used 63391K [0x0000000080000000, 0x0000000086380000, 0x00000000d5580000)
  object space 101888K, 62% used [0x0000000080000000,0x0000000083de7c80,0x0000000086380000)
 Metaspace       used 54344K, capacity 57184K, committed 57472K, reserved 1097728K
  class space    used 7455K, capacity 8206K, committed 8320K, reserved 1048576K
Event: 95.284 GC heap after
Heap after GC invocations=17 (full 2):
 PSYoungGen      total 413696K, used 31734K [0x00000000d5580000, 0x00000000fba80000, 0x0000000100000000)
  eden space 381952K, 0% used [0x00000000d5580000,0x00000000d5580000,0x00000000eca80000)
  from space 31744K, 99% used [0x00000000eca80000,0x00000000ee97da90,0x00000000ee980000)
  to   space 45568K, 0% used [0x00000000f8e00000,0x00000000f8e00000,0x00000000fba80000)
 ParOldGen       total 101888K, used 87392K [0x0000000080000000, 0x0000000086380000, 0x00000000d5580000)
  object space 101888K, 85% used [0x0000000080000000,0x00000000855582d8,0x0000000086380000)
 Metaspace       used 54344K, capacity 57184K, committed 57472K, reserved 1097728K
  class space    used 7455K, capacity 8206K, committed 8320K, reserved 1048576K
}
Event: 95.284 GC heap before
{Heap before GC invocations=18 (full 3):
 PSYoungGen      total 413696K, used 31734K [0x00000000d5580000, 0x00000000fba80000, 0x0000000100000000)
  eden space 381952K, 0% used [0x00000000d5580000,0x00000000d5580000,0x00000000eca80000)
  from space 31744K, 99% used [0x00000000eca80000,0x00000000ee97da90,0x00000000ee980000)
  to   space 45568K, 0% used [0x00000000f8e00000,0x00000000f8e00000,0x00000000fba80000)
 ParOldGen       total 101888K, used 87392K [0x0000000080000000, 0x0000000086380000, 0x00000000d5580000)
  object space 101888K, 85% used [0x0000000080000000,0x00000000855582d8,0x0000000086380000)
 Metaspace       used 54344K, capacity 57184K, committed 57472K, reserved 1097728K
  class space    used 7455K, capacity 8206K, committed 8320K, reserved 1048576K
Event: 95.857 GC heap after
Heap after GC invocations=18 (full 3):
 PSYoungGen      total 413696K, used 0K [0x00000000d5580000, 0x00000000fba80000, 0x0000000100000000)
  eden space 381952K, 0% used [0x00000000d5580000,0x00000000d5580000,0x00000000eca80000)
  from space 31744K, 0% used [0x00000000eca80000,0x00000000eca80000,0x00000000ee980000)
  to   space 45568K, 0% used [0x00000000f8e00000,0x00000000f8e00000,0x00000000fba80000)
 ParOldGen       total 160256K, used 85071K [0x0000000080000000, 0x0000000089c80000, 0x00000000d5580000)
  object space 160256K, 53% used [0x0000000080000000,0x0000000085313c98,0x0000000089c80000)
 Metaspace       used 54324K, capacity 57118K, committed 57472K, reserved 1097728K
  class space    used 7449K, capacity 8195K, committed 8320K, reserved 1048576K
}
Event: 107.845 GC heap before
{Heap before GC invocations=19 (full 3):
 PSYoungGen      total 413696K, used 381952K [0x00000000d5580000, 0x00000000fba80000, 0x0000000100000000)
  eden space 381952K, 100% used [0x00000000d5580000,0x00000000eca80000,0x00000000eca80000)
  from space 31744K, 0% used [0x00000000eca80000,0x00000000eca80000,0x00000000ee980000)
  to   space 45568K, 0% used [0x00000000f8e00000,0x00000000f8e00000,0x00000000fba80000)
 ParOldGen       total 160256K, used 85071K [0x0000000080000000, 0x0000000089c80000, 0x00000000d5580000)
  object space 160256K, 53% used [0x0000000080000000,0x0000000085313c98,0x0000000089c80000)
 Metaspace       used 69645K, capacity 75330K, committed 75520K, reserved 1114112K
  class space    used 9732K, capacity 11397K, committed 11520K, reserved 1048576K
Event: 107.989 GC heap after
Heap after GC invocations=19 (full 3):
 PSYoungGen      total 568320K, used 45563K [0x00000000d5580000, 0x00000000fbf00000, 0x0000000100000000)
  eden space 522752K, 0% used [0x00000000d5580000,0x00000000d5580000,0x00000000f5400000)
  from space 45568K, 99% used [0x00000000f8e00000,0x00000000fba7ee88,0x00000000fba80000)
  to   space 54784K, 0% used [0x00000000f5400000,0x00000000f5400000,0x00000000f8980000)
 ParOldGen       total 160256K, used 89516K [0x0000000080000000, 0x0000000089c80000, 0x00000000d5580000)
  object space 160256K, 55% used [0x0000000080000000,0x000000008576b368,0x0000000089c80000)
 Metaspace       used 69645K, capacity 75330K, committed 75520K, reserved 1114112K
  class space    used 9732K, capacity 11397K, committed 11520K, reserved 1048576K
}
Event: 122.091 GC heap before
{Heap before GC invocations=20 (full 3):
 PSYoungGen      total 568320K, used 568315K [0x00000000d5580000, 0x00000000fbf00000, 0x0000000100000000)
  eden space 522752K, 100% used [0x00000000d5580000,0x00000000f5400000,0x00000000f5400000)
  from space 45568K, 99% used [0x00000000f8e00000,0x00000000fba7ee88,0x00000000fba80000)
  to   space 54784K, 0% used [0x00000000f5400000,0x00000000f5400000,0x00000000f8980000)
 ParOldGen       total 160256K, used 89516K [0x0000000080000000, 0x0000000089c80000, 0x00000000d5580000)
  object space 160256K, 55% used [0x0000000080000000,0x000000008576b368,0x0000000089c80000)
 Metaspace       used 76186K, capacity 84388K, committed 84608K, reserved 1120256K
  class space    used 10699K, capacity 13077K, committed 13184K, reserved 1048576K
Event: 122.452 GC heap after
Heap after GC invocations=20 (full 3):
 PSYoungGen      total 577536K, used 54752K [0x00000000d5580000, 0x0000000100000000, 0x0000000100000000)
  eden space 522752K, 0% used [0x00000000d5580000,0x00000000d5580000,0x00000000f5400000)
  from space 54784K, 99% used [0x00000000f5400000,0x00000000f8978010,0x00000000f8980000)
  to   space 94208K, 0% used [0x00000000fa400000,0x00000000fa400000,0x0000000100000000)
 ParOldGen       total 172032K, used 171089K [0x0000000080000000, 0x000000008a800000, 0x00000000d5580000)
  object space 172032K, 99% used [0x0000000080000000,0x000000008a714670,0x000000008a800000)
 Metaspace       used 76186K, capacity 84388K, committed 84608K, reserved 1120256K
  class space    used 10699K, capacity 13077K, committed 13184K, reserved 1048576K
}
Event: 122.452 GC heap before
{Heap before GC invocations=21 (full 4):
 PSYoungGen      total 577536K, used 54752K [0x00000000d5580000, 0x0000000100000000, 0x0000000100000000)
  eden space 522752K, 0% used [0x00000000d5580000,0x00000000d5580000,0x00000000f5400000)
  from space 54784K, 99% used [0x00000000f5400000,0x00000000f8978010,0x00000000f8980000)
  to   space 94208K, 0% used [0x00000000fa400000,0x00000000fa400000,0x0000000100000000)
 ParOldGen       total 172032K, used 171089K [0x0000000080000000, 0x000000008a800000, 0x00000000d5580000)
  object space 172032K, 99% used [0x0000000080000000,0x000000008a714670,0x000000008a800000)
 Metaspace       used 76186K, capacity 84388K, committed 84608K, reserved 1120256K
  class space    used 10699K, capacity 13077K, committed 13184K, reserved 1048576K
Event: 123.594 GC heap after
Heap after GC invocations=21 (full 4):
 PSYoungGen      total 577536K, used 0K [0x00000000d5580000, 0x0000000100000000, 0x0000000100000000)
  eden space 522752K, 0% used [0x00000000d5580000,0x00000000d5580000,0x00000000f5400000)
  from space 54784K, 0% used [0x00000000f5400000,0x00000000f5400000,0x00000000f8980000)
  to   space 94208K, 0% used [0x00000000fa400000,0x00000000fa400000,0x0000000100000000)
 ParOldGen       total 284160K, used 167564K [0x0000000080000000, 0x0000000091580000, 0x00000000d5580000)
  object space 284160K, 58% used [0x0000000080000000,0x000000008a3a3260,0x0000000091580000)
 Metaspace       used 76186K, capacity 84388K, committed 84608K, reserved 1120256K
  class space    used 10699K, capacity 13077K, committed 13184K, reserved 1048576K
}

